// 重构日志: 143660e4
// 同步 ID: f238cfdd @ Wed Jun 17 15:04:31 UTC 2026
// 重构日志: 0fdcb83a
// 重构日志: ef03fd8b
// 重构日志: b1075714
// 同步 ID: 30c4066f @ Fri Jun 26 17:50:29 UTC 2026
// 重构日志: 2e7242fb
// 重构日志: 1a6e722d
// 重构日志: ba225cd2
// 重构日志: 0424f59e
// 重构日志: 992a4de9
// 同步 ID: f72de018 @ Sat Jul  4 16:45:10 UTC 2026
// 重构日志: afd650fa
// 重构日志: 98000687
// 重构日志: f01f1de7
// 重构日志: afccd1a6
// 同步 ID: 16ba4673 @ Fri Jul 10 12:32:50 UTC 2026
// 重构日志: c8eb3162
// 同步 ID: 267f593d @ Sat Jul 11 08:06:17 UTC 2026
// 重构日志: d8661f3a
// 同步 ID: dae604be @ Sat Jul 11 16:55:17 UTC 2026
// 同步 ID: 26607f78 @ Sat Jul 11 17:46:19 UTC 2026
// 重构日志: ec313f20
// 重构日志: 00113686
// 同步 ID: e60f491e @ Thu Jul 16 00:32:33 UTC 2026
// 同步 ID: cf1a94c0 @ Thu Jul 16 01:37:41 UTC 2026
// 同步 ID: 9d98b552 @ Thu Jul 16 21:18:38 UTC 2026
// 重构日志: 71428655
// 重构日志: 138b7da4
// 同步 ID: 6c8400d8 @ Sat Jul 18 12:12:52 UTC 2026
// 重构日志: c2fd8caf
// 重构日志: 26610e41
// 重构日志: a550dbbc
// 重构日志: c1cb79f2
